Determining if the pthread_create exist failed with the following output:
Change Dir: /home/miguel/GID-git/gidproject/gidpost/buildL/CMakeFiles/CMakeTmp

Run Build Command:/usr/bin/gmake "cmTryCompileExec693683977/fast"
/usr/bin/gmake -f CMakeFiles/cmTryCompileExec693683977.dir/build.make CMakeFiles/cmTryCompileExec693683977.dir/build
gmake[1]: Entering directory `/home/miguel/GID-git/gidproject/gidpost/buildL/CMakeFiles/CMakeTmp'
/usr/bin/cmake -E cmake_progress_report /home/miguel/GID-git/gidproject/gidpost/buildL/CMakeFiles/CMakeTmp/CMakeFiles 1
Building C object CMakeFiles/cmTryCompileExec693683977.dir/CheckSymbolExists.c.o
/usr/bin/cc    -o CMakeFiles/cmTryCompileExec693683977.dir/CheckSymbolExists.c.o   -c /home/miguel/GID-git/gidproject/gidpost/buildL/CMakeFiles/CMakeTmp/CheckSymbolExists.c
Linking C executable cmTryCompileExec693683977
/usr/bin/cmake -E cmake_link_script CMakeFiles/cmTryCompileExec693683977.dir/link.txt --verbose=1
/usr/bin/cc       CMakeFiles/cmTryCompileExec693683977.dir/CheckSymbolExists.c.o  -o cmTryCompileExec693683977 -rdynamic 
CMakeFiles/cmTryCompileExec693683977.dir/CheckSymbolExists.c.o: In function `main':
CheckSymbolExists.c:(.text+0x16): undefined reference to `pthread_create'
collect2: error: ld returned 1 exit status
gmake[1]: Leaving directory `/home/miguel/GID-git/gidproject/gidpost/buildL/CMakeFiles/CMakeTmp'
gmake[1]: *** [cmTryCompileExec693683977] Error 1
gmake: *** [cmTryCompileExec693683977/fast] Error 2

File /home/miguel/GID-git/gidproject/gidpost/buildL/CMakeFiles/CMakeTmp/CheckSymbolExists.c:
/* */
#include <pthread.h>

int main(int argc, char** argv)
{
  (void)argv;
#ifndef pthread_create
  return ((int*)(&pthread_create))[argc];
#else
  (void)argc;
  return 0;
#endif
}

Determining if the function pthread_create exists in the pthreads failed with the following output:
Change Dir: /home/miguel/GID-git/gidproject/gidpost/buildL/CMakeFiles/CMakeTmp

Run Build Command:/usr/bin/gmake "cmTryCompileExec2724914506/fast"
/usr/bin/gmake -f CMakeFiles/cmTryCompileExec2724914506.dir/build.make CMakeFiles/cmTryCompileExec2724914506.dir/build
gmake[1]: Entering directory `/home/miguel/GID-git/gidproject/gidpost/buildL/CMakeFiles/CMakeTmp'
/usr/bin/cmake -E cmake_progress_report /home/miguel/GID-git/gidproject/gidpost/buildL/CMakeFiles/CMakeTmp/CMakeFiles 1
Building C object CMakeFiles/cmTryCompileExec2724914506.dir/CheckFunctionExists.c.o
/usr/bin/cc   -DCHECK_FUNCTION_EXISTS=pthread_create   -o CMakeFiles/cmTryCompileExec2724914506.dir/CheckFunctionExists.c.o   -c /usr/share/cmake/Modules/CheckFunctionExists.c
Linking C executable cmTryCompileExec2724914506
/usr/bin/cmake -E cmake_link_script CMakeFiles/cmTryCompileExec2724914506.dir/link.txt --verbose=1
/usr/bin/cc   -DCHECK_FUNCTION_EXISTS=pthread_create    CMakeFiles/cmTryCompileExec2724914506.dir/CheckFunctionExists.c.o  -o cmTryCompileExec2724914506 -rdynamic -lpthreads 
gmake[1]: Leaving directory `/home/miguel/GID-git/gidproject/gidpost/buildL/CMakeFiles/CMakeTmp'
/usr/bin/ld: cannot find -lpthreads
collect2: error: ld returned 1 exit status
gmake[1]: *** [cmTryCompileExec2724914506] Error 1
gmake: *** [cmTryCompileExec2724914506/fast] Error 2


