c:\gid64-git\gidproject\gidpost\buildw\source\gidpost.dir\release\hdf5c.obj
c:\gid64-git\gidproject\gidpost\buildw\source\gidpost.dir\release\gidpostforapi.obj
c:\gid64-git\gidproject\gidpost\buildw\source\gidpost.dir\release\gidpostfor.obj
c:\gid64-git\gidproject\gidpost\buildw\source\gidpost.dir\release\gidpostint.obj
c:\gid64-git\gidproject\gidpost\buildw\source\gidpost.dir\release\gidposthash.obj
c:\gid64-git\gidproject\gidpost\buildw\source\gidpost.dir\release\gidposthdf5.obj
c:\gid64-git\gidproject\gidpost\buildw\source\gidpost.dir\release\gidpost.obj
c:\gid64-git\gidproject\gidpost\buildw\source\gidpost.dir\release\lookupa.obj
c:\gid64-git\gidproject\gidpost\buildw\source\gidpost.dir\release\recycle.obj
c:\gid64-git\gidproject\gidpost\buildw\source\gidpost.dir\release\hashtab.obj
c:\gid64-git\gidproject\gidpost\buildw\source\gidpost.dir\release\gidpostfiles.obj
c:\gid64-git\gidproject\gidpost\buildw\source\cmakefiles\generate.stamp
c:\gid64-git\gidproject\gidpost\buildw\source\release\gidpost.lib
c:\gid64-git\gidproject\gidpost\buildw\source\gidpost.dir\release\gidpost.tlog\cl.command.1.tlog
c:\gid64-git\gidproject\gidpost\buildw\source\gidpost.dir\release\gidpost.tlog\cl.read.1.tlog
c:\gid64-git\gidproject\gidpost\buildw\source\gidpost.dir\release\gidpost.tlog\cl.write.1.tlog
c:\gid64-git\gidproject\gidpost\buildw\source\gidpost.dir\release\gidpost.tlog\custombuild.command.1.tlog
c:\gid64-git\gidproject\gidpost\buildw\source\gidpost.dir\release\gidpost.tlog\custombuild.read.1.tlog
c:\gid64-git\gidproject\gidpost\buildw\source\gidpost.dir\release\gidpost.tlog\custombuild.write.1.tlog
c:\gid64-git\gidproject\gidpost\buildw\source\gidpost.dir\release\gidpost.tlog\lib-link.read.1.tlog
c:\gid64-git\gidproject\gidpost\buildw\source\gidpost.dir\release\gidpost.tlog\lib-link.write.1.tlog
c:\gid64-git\gidproject\gidpost\buildw\source\gidpost.dir\release\gidpost.tlog\lib.command.1.tlog
