\BOOKMARK [1][-]{section.1}{Introduction}{}% 1
\BOOKMARK [1][-]{section.2}{Governing Equations}{}% 2
\BOOKMARK [2][-]{subsection.2.1}{Initial discretization}{section.2}% 3
\BOOKMARK [2][-]{subsection.2.2}{Discrete Solution Procedure}{section.2}% 4
\BOOKMARK [2][-]{subsection.2.3}{Observations}{section.2}% 5
\BOOKMARK [1][-]{section.3}{Stresses in the material-point-method}{}% 6
\BOOKMARK [2][-]{subsection.3.1}{Objective evaluation of stresses}{section.3}% 7
\BOOKMARK [2][-]{subsection.3.2}{Grid-crossing errors in the MPM}{section.3}% 8
\BOOKMARK [2][-]{subsection.3.3}{Gravitational loading in the MPM}{section.3}% 9
\BOOKMARK [2][-]{subsection.3.4}{Alternative approaches for updating stresses}{section.3}% 10
\BOOKMARK [2][-]{subsection.3.5}{Reduced integration of stress}{section.3}% 11
\BOOKMARK [1][-]{section.4}{Large strain formulation for the material-point-method}{}% 12
\BOOKMARK [2][-]{subsection.4.1}{Tracking large deformation}{section.4}% 13
\BOOKMARK [2][-]{subsection.4.2}{Large strain analysis by the material point method}{section.4}% 14
\BOOKMARK [3][-]{subsubsection.4.2.1}{Evaluationg the weighting functions using Gauss quadrature}{subsection.4.2}% 15
\BOOKMARK [3][-]{subsubsection.4.2.2}{Analytical approximation of the weighting functions}{subsection.4.2}% 16
\BOOKMARK [2][-]{subsection.4.3}{Refinement in the material-point-method}{section.4}% 17
\BOOKMARK [3][-]{subsubsection.4.3.1}{Material-point splitting}{subsection.4.3}% 18
\BOOKMARK [3][-]{subsubsection.4.3.2}{Material-point splitting in case of extreme deformations}{subsection.4.3}% 19
\BOOKMARK [3][-]{subsubsection.4.3.3}{Refining the computational grid}{subsection.4.3}% 20
