  Building Custom Rule C:/Users/lab02/Desktop/NL-PartSol/nl-partsol/CMakeLists.txt
  Fracture.c
  LE.c
  SolidRigid.c
  mem_Fields.c
C:\Users\lab02\Desktop\NL-PartSol\nl-partsol\src\Fields\mem_Fields.c(12,1): warning C4996:  'strcpy': This function or variable may be unsafe. Consider using strcpy_s instead. To disable deprecation, use _CRT_SECURE_NO_WARNINGS. See online help for details.
C:\Program Files (x86)\Windows Kits\10\Include\10.0.17763.0\ucrt\string.h(133): message :  vea la declaración de 'strcpy'
C:\Users\lab02\Desktop\NL-PartSol\nl-partsol\src\Fields\mem_Fields.c(15,1): warning C4996:  'strcpy': This function or variable may be unsafe. Consider using strcpy_s instead. To disable deprecation, use _CRT_SECURE_NO_WARNINGS. See online help for details.
C:\Program Files (x86)\Windows Kits\10\Include\10.0.17763.0\ucrt\string.h(133): message :  vea la declaración de 'strcpy'
C:\Users\lab02\Desktop\NL-PartSol\nl-partsol\src\Fields\mem_Fields.c(18,1): warning C4996:  'strcpy': This function or variable may be unsafe. Consider using strcpy_s instead. To disable deprecation, use _CRT_SECURE_NO_WARNINGS. See online help for details.
C:\Program Files (x86)\Windows Kits\10\Include\10.0.17763.0\ucrt\string.h(133): message :  vea la declaración de 'strcpy'
C:\Users\lab02\Desktop\NL-PartSol\nl-partsol\src\Fields\mem_Fields.c(21,1): warning C4996:  'strcpy': This function or variable may be unsafe. Consider using strcpy_s instead. To disable deprecation, use _CRT_SECURE_NO_WARNINGS. See online help for details.
C:\Program Files (x86)\Windows Kits\10\Include\10.0.17763.0\ucrt\string.h(133): message :  vea la declaración de 'strcpy'
C:\Users\lab02\Desktop\NL-PartSol\nl-partsol\src\Fields\mem_Fields.c(24,1): warning C4996:  'strcpy': This function or variable may be unsafe. Consider using strcpy_s instead. To disable deprecation, use _CRT_SECURE_NO_WARNINGS. See online help for details.
C:\Program Files (x86)\Windows Kits\10\Include\10.0.17763.0\ucrt\string.h(133): message :  vea la declaración de 'strcpy'
C:\Users\lab02\Desktop\NL-PartSol\nl-partsol\src\Fields\mem_Fields.c(27,1): warning C4996:  'strcpy': This function or variable may be unsafe. Consider using strcpy_s instead. To disable deprecation, use _CRT_SECURE_NO_WARNINGS. See online help for details.
C:\Program Files (x86)\Windows Kits\10\Include\10.0.17763.0\ucrt\string.h(133): message :  vea la declaración de 'strcpy'
C:\Users\lab02\Desktop\NL-PartSol\nl-partsol\src\Fields\mem_Fields.c(30,1): warning C4996:  'strcpy': This function or variable may be unsafe. Consider using strcpy_s instead. To disable deprecation, use _CRT_SECURE_NO_WARNINGS. See online help for details.
C:\Program Files (x86)\Windows Kits\10\Include\10.0.17763.0\ucrt\string.h(133): message :  vea la declaración de 'strcpy'
C:\Users\lab02\Desktop\NL-PartSol\nl-partsol\src\Fields\mem_Fields.c(33,1): warning C4996:  'strcpy': This function or variable may be unsafe. Consider using strcpy_s instead. To disable deprecation, use _CRT_SECURE_NO_WARNINGS. See online help for details.
C:\Program Files (x86)\Windows Kits\10\Include\10.0.17763.0\ucrt\string.h(133): message :  vea la declaración de 'strcpy'
C:\Users\lab02\Desktop\NL-PartSol\nl-partsol\src\Fields\mem_Fields.c(36,1): warning C4996:  'strcpy': This function or variable may be unsafe. Consider using strcpy_s instead. To disable deprecation, use _CRT_SECURE_NO_WARNINGS. See online help for details.
C:\Program Files (x86)\Windows Kits\10\Include\10.0.17763.0\ucrt\string.h(133): message :  vea la declaración de 'strcpy'
C:\Users\lab02\Desktop\NL-PartSol\nl-partsol\src\Fields\mem_Fields.c(39,1): warning C4996:  'strcpy': This function or variable may be unsafe. Consider using strcpy_s instead. To disable deprecation, use _CRT_SECURE_NO_WARNINGS. See online help for details.
C:\Program Files (x86)\Windows Kits\10\Include\10.0.17763.0\ucrt\string.h(133): message :  vea la declaración de 'strcpy'
C:\Users\lab02\Desktop\NL-PartSol\nl-partsol\src\Fields\mem_Fields.c(42,1): warning C4996:  'strcpy': This function or variable may be unsafe. Consider using strcpy_s instead. To disable deprecation, use _CRT_SECURE_NO_WARNINGS. See online help for details.
C:\Program Files (x86)\Windows Kits\10\Include\10.0.17763.0\ucrt\string.h(133): message :  vea la declaración de 'strcpy'
C:\Users\lab02\Desktop\NL-PartSol\nl-partsol\src\Fields\mem_Fields.c(45,1): warning C4996:  'strcpy': This function or variable may be unsafe. Consider using strcpy_s instead. To disable deprecation, use _CRT_SECURE_NO_WARNINGS. See online help for details.
  Courant.c
  U_FE.c
C:\Program Files (x86)\Windows Kits\10\Include\10.0.17763.0\ucrt\string.h(133): message :  vea la declaración de 'strcpy'
C:\Users\lab02\Desktop\NL-PartSol\nl-partsol\src\Formulations\U_FE.c(24,1): warning C4996:  'strcpy': This function or variable may be unsafe. Consider using strcpy_s instead. To disable deprecation, use _CRT_SECURE_NO_WARNINGS. See online help for details.
  U_GA.c
  U_PCE.c
  File2Chain.c
C:\Program Files (x86)\Windows Kits\10\Include\10.0.17763.0\ucrt\string.h(133): message :  vea la declaración de 'strcpy'
C:\Users\lab02\Desktop\NL-PartSol\nl-partsol\src\InOutFun\File2Chain.c(17,1): warning C4996:  'fopen': This function or variable may be unsafe. Consider using fopen_s instead. To disable deprecation, use _CRT_SECURE_NO_WARNINGS. See online help for details.
  GnuPlotOutput.c
C:\Program Files (x86)\Windows Kits\10\Include\10.0.17763.0\ucrt\stdio.h(208): message :  vea la declaración de 'fopen'
C:\Users\lab02\Desktop\NL-PartSol\nl-partsol\src\InOutFun\GnuPlotOutput.c(8,28): warning C4013:  'popen' sin definir; se supone que extern devuelve como resultado int
C:\Users\lab02\Desktop\NL-PartSol\nl-partsol\src\InOutFun\GnuPlotOutput.c(38,11): warning C4013:  'pclose' sin definir; se supone que extern devuelve como resultado int
  Parser.c
C:\Users\lab02\Desktop\NL-PartSol\nl-partsol\src\InOutFun\GnuPlotOutput.c(8,1): warning C4047:  'inicializando': 'FILE *' es distinto en los niveles de direccionamiento indirecto de 'int'
C:\Users\lab02\Desktop\NL-PartSol\nl-partsol\src\InOutFun\Parser.c(21,1): warning C4996:  'strtok': This function or variable may be unsafe. Consider using strtok_s instead. To disable deprecation, use _CRT_SECURE_NO_WARNINGS. See online help for details.
C:\Program Files (x86)\Windows Kits\10\Include\10.0.17763.0\ucrt\string.h(440): message :  vea la declaración de 'strtok'
C:\Users\lab02\Desktop\NL-PartSol\nl-partsol\src\InOutFun\Parser.c(24,1): warning C4996:  'strdup': The POSIX name for this item is deprecated. Instead, use the ISO C and C++ conformant name: _strdup. See online help for details.
C:\Program Files (x86)\Windows Kits\10\Include\10.0.17763.0\ucrt\string.h(536): message :  vea la declaración de 'strdup'
C:\Users\lab02\Desktop\NL-PartSol\nl-partsol\src\InOutFun\Parser.c(51,1): warning C4996:  'strcpy': This function or variable may be unsafe. Consider using strcpy_s instead. To disable deprecation, use _CRT_SECURE_NO_WARNINGS. See online help for details.
C:\Program Files (x86)\Windows Kits\10\Include\10.0.17763.0\ucrt\string.h(133): message :  vea la declaración de 'strcpy'
  ReadCSV.c
C:\Users\lab02\Desktop\NL-PartSol\nl-partsol\src\InOutFun\Parser.c(47,7): warning C4101:  'Num_words_route': variable local sin referencia
C:\Users\lab02\Desktop\NL-PartSol\nl-partsol\src\InOutFun\ReadCSV.c(21,1): warning C4996:  'fopen': This function or variable may be unsafe. Consider using fopen_s instead. To disable deprecation, use _CRT_SECURE_NO_WARNINGS. See online help for details.
C:\Program Files (x86)\Windows Kits\10\Include\10.0.17763.0\ucrt\stdio.h(208): message :  vea la declaración de 'fopen'
C:\Users\lab02\Desktop\NL-PartSol\nl-partsol\src\InOutFun\ReadCSV.c(31,1): warning C4996:  'strcpy': This function or variable may be unsafe. Consider using strcpy_s instead. To disable deprecation, use _CRT_SECURE_NO_WARNINGS. See online help for details.
C:\Program Files (x86)\Windows Kits\10\Include\10.0.17763.0\ucrt\string.h(133): message :  vea la declaración de 'strcpy'
C:\Users\lab02\Desktop\NL-PartSol\nl-partsol\src\InOutFun\ReadCSV.c(42,1): warning C4996:  'strcpy': This function or variable may be unsafe. Consider using strcpy_s instead. To disable deprecation, use _CRT_SECURE_NO_WARNINGS. See online help for details.
  ReadCurve.c
C:\Program Files (x86)\Windows Kits\10\Include\10.0.17763.0\ucrt\string.h(133): message :  vea la declaración de 'strcpy'
C:\Users\lab02\Desktop\NL-PartSol\nl-partsol\src\InOutFun\ReadCurve.c(48,1): warning C4996:  'fopen': This function or variable may be unsafe. Consider using fopen_s instead. To disable deprecation, use _CRT_SECURE_NO_WARNINGS. See online help for details.
  ReadGidMesh.c
C:\Program Files (x86)\Windows Kits\10\Include\10.0.17763.0\ucrt\stdio.h(208): message :  vea la declaración de 'fopen'
C:\Users\lab02\Desktop\NL-PartSol\nl-partsol\src\InOutFun\ReadGidMesh.c(44,1): warning C4996:  'fopen': This function or variable may be unsafe. Consider using fopen_s instead. To disable deprecation, use _CRT_SECURE_NO_WARNINGS. See online help for details.
C:\Program Files (x86)\Windows Kits\10\Include\10.0.17763.0\ucrt\stdio.h(208): message :  vea la declaración de 'fopen'
C:\Users\lab02\Desktop\NL-PartSol\nl-partsol\src\InOutFun\ReadGidMesh.c(70,1): warning C4996:  'strcpy': This function or variable may be unsafe. Consider using strcpy_s instead. To disable deprecation, use _CRT_SECURE_NO_WARNINGS. See online help for details.
C:\Program Files (x86)\Windows Kits\10\Include\10.0.17763.0\ucrt\string.h(133): message :  vea la declaración de 'strcpy'
C:\Users\lab02\Desktop\NL-PartSol\nl-partsol\src\InOutFun\ReadGidMesh.c(208,1): warning C4996:  'fopen': This function or variable may be unsafe. Consider using fopen_s instead. To disable deprecation, use _CRT_SECURE_NO_WARNINGS. See online help for details.
  Read_GramsBodyForces.c
C:\Program Files (x86)\Windows Kits\10\Include\10.0.17763.0\ucrt\stdio.h(208): message :  vea la declaración de 'fopen'
C:\Users\lab02\Desktop\NL-PartSol\nl-partsol\src\InOutFun\Read_GramsBodyForces.c(49,1): warning C4996:  'fopen': This function or variable may be unsafe. Consider using fopen_s instead. To disable deprecation, use _CRT_SECURE_NO_WARNINGS. See online help for details.
C:\Program Files (x86)\Windows Kits\10\Include\10.0.17763.0\ucrt\stdio.h(208): message :  vea la declaración de 'fopen'
C:\Users\lab02\Desktop\NL-PartSol\nl-partsol\src\InOutFun\Read_GramsBodyForces.c(89,1): warning C4996:  'sprintf': This function or variable may be unsafe. Consider using sprintf_s instead. To disable deprecation, use _CRT_SECURE_NO_WARNINGS. See online help for details.
C:\Program Files (x86)\Windows Kits\10\Include\10.0.17763.0\ucrt\stdio.h(1774): message :  vea la declaración de 'sprintf'
C:\Users\lab02\Desktop\NL-PartSol\nl-partsol\src\InOutFun\Read_GramsBodyForces.c(118,1): warning C4996:  'strcpy': This function or variable may be unsafe. Consider using strcpy_s instead. To disable deprecation, use _CRT_SECURE_NO_WARNINGS. See online help for details.
C:\Program Files (x86)\Windows Kits\10\Include\10.0.17763.0\ucrt\string.h(133): message :  vea la declaración de 'strcpy'
C:\Users\lab02\Desktop\NL-PartSol\nl-partsol\src\InOutFun\Read_GramsBodyForces.c(140,1): warning C4996:  'sprintf': This function or variable may be unsafe. Consider using sprintf_s instead. To disable deprecation, use _CRT_SECURE_NO_WARNINGS. See online help for details.
C:\Program Files (x86)\Windows Kits\10\Include\10.0.17763.0\ucrt\stdio.h(1774): message :  vea la declaración de 'sprintf'
C:\Users\lab02\Desktop\NL-PartSol\nl-partsol\src\InOutFun\Read_GramsBodyForces.c(158,1): warning C4996:  'sprintf': This function or variable may be unsafe. Consider using sprintf_s instead. To disable deprecation, use _CRT_SECURE_NO_WARNINGS. See online help for details.
C:\Program Files (x86)\Windows Kits\10\Include\10.0.17763.0\ucrt\stdio.h(1774): message :  vea la declaración de 'sprintf'
C:\Users\lab02\Desktop\NL-PartSol\nl-partsol\src\InOutFun\Read_GramsBodyForces.c(175,1): warning C4996:  'sprintf': This function or variable may be unsafe. Consider using sprintf_s instead. To disable deprecation, use _CRT_SECURE_NO_WARNINGS. See online help for details.
  Read_GramsBoundary.c
C:\Program Files (x86)\Windows Kits\10\Include\10.0.17763.0\ucrt\stdio.h(1774): message :  vea la declaración de 'sprintf'
C:\Users\lab02\Desktop\NL-PartSol\nl-partsol\src\InOutFun\Read_GramsBoundary.c(39,1): warning C4996:  'fopen': This function or variable may be unsafe. Consider using fopen_s instead. To disable deprecation, use _CRT_SECURE_NO_WARNINGS. See online help for details.
C:\Program Files (x86)\Windows Kits\10\Include\10.0.17763.0\ucrt\stdio.h(208): message :  vea la declaración de 'fopen'
C:\Users\lab02\Desktop\NL-PartSol\nl-partsol\src\InOutFun\Read_GramsBoundary.c(79,1): warning C4996:  'sprintf': This function or variable may be unsafe. Consider using sprintf_s instead. To disable deprecation, use _CRT_SECURE_NO_WARNINGS. See online help for details.
C:\Program Files (x86)\Windows Kits\10\Include\10.0.17763.0\ucrt\stdio.h(1774): message :  vea la declaración de 'sprintf'
C:\Users\lab02\Desktop\NL-PartSol\nl-partsol\src\InOutFun\Read_GramsBoundary.c(100,1): warning C4996:  'strcpy': This function or variable may be unsafe. Consider using strcpy_s instead. To disable deprecation, use _CRT_SECURE_NO_WARNINGS. See online help for details.
C:\Program Files (x86)\Windows Kits\10\Include\10.0.17763.0\ucrt\string.h(133): message :  vea la declaración de 'strcpy'
C:\Users\lab02\Desktop\NL-PartSol\nl-partsol\src\InOutFun\Read_GramsBoundary.c(123,1): warning C4996:  'sprintf': This function or variable may be unsafe. Consider using sprintf_s instead. To disable deprecation, use _CRT_SECURE_NO_WARNINGS. See online help for details.
C:\Program Files (x86)\Windows Kits\10\Include\10.0.17763.0\ucrt\stdio.h(1774): message :  vea la declaración de 'sprintf'
C:\Users\lab02\Desktop\NL-PartSol\nl-partsol\src\InOutFun\Read_GramsBoundary.c(141,1): warning C4996:  'sprintf': This function or variable may be unsafe. Consider using sprintf_s instead. To disable deprecation, use _CRT_SECURE_NO_WARNINGS. See online help for details.
C:\Program Files (x86)\Windows Kits\10\Include\10.0.17763.0\ucrt\stdio.h(1774): message :  vea la declaración de 'sprintf'
C:\Users\lab02\Desktop\NL-PartSol\nl-partsol\src\InOutFun\Read_GramsBoundary.c(159,1): warning C4996:  'sprintf': This function or variable may be unsafe. Consider using sprintf_s instead. To disable deprecation, use _CRT_SECURE_NO_WARNINGS. See online help for details.
  Read_GramsBox.c
C:\Program Files (x86)\Windows Kits\10\Include\10.0.17763.0\ucrt\stdio.h(1774): message :  vea la declaración de 'sprintf'
C:\Users\lab02\Desktop\NL-PartSol\nl-partsol\src\InOutFun\Read_GramsBox.c(63,1): warning C4996:  'fopen': This function or variable may be unsafe. Consider using fopen_s instead. To disable deprecation, use _CRT_SECURE_NO_WARNINGS. See online help for details.
C:\Program Files (x86)\Windows Kits\10\Include\10.0.17763.0\ucrt\stdio.h(208): message :  vea la declaración de 'fopen'
C:\Users\lab02\Desktop\NL-PartSol\nl-partsol\src\InOutFun\Read_GramsBox.c(110,1): warning C4996:  'sprintf': This function or variable may be unsafe. Consider using sprintf_s instead. To disable deprecation, use _CRT_SECURE_NO_WARNINGS. See online help for details.
  Read_GramsContactForces.c
C:\Program Files (x86)\Windows Kits\10\Include\10.0.17763.0\ucrt\stdio.h(1774): message :  vea la declaración de 'sprintf'
C:\Users\lab02\Desktop\NL-PartSol\nl-partsol\src\InOutFun\Read_GramsContactForces.c(53,1): warning C4996:  'fopen': This function or variable may be unsafe. Consider using fopen_s instead. To disable deprecation, use _CRT_SECURE_NO_WARNINGS. See online help for details.
C:\Program Files (x86)\Windows Kits\10\Include\10.0.17763.0\ucrt\stdio.h(208): message :  vea la declaración de 'fopen'
C:\Users\lab02\Desktop\NL-PartSol\nl-partsol\src\InOutFun\Read_GramsContactForces.c(93,1): warning C4996:  'sprintf': This function or variable may be unsafe. Consider using sprintf_s instead. To disable deprecation, use _CRT_SECURE_NO_WARNINGS. See online help for details.
C:\Program Files (x86)\Windows Kits\10\Include\10.0.17763.0\ucrt\stdio.h(1774): message :  vea la declaración de 'sprintf'
C:\Users\lab02\Desktop\NL-PartSol\nl-partsol\src\InOutFun\Read_GramsContactForces.c(125,1): warning C4996:  'strcpy': This function or variable may be unsafe. Consider using strcpy_s instead. To disable deprecation, use _CRT_SECURE_NO_WARNINGS. See online help for details.
C:\Program Files (x86)\Windows Kits\10\Include\10.0.17763.0\ucrt\string.h(133): message :  vea la declaración de 'strcpy'
C:\Users\lab02\Desktop\NL-PartSol\nl-partsol\src\InOutFun\Read_GramsContactForces.c(147,1): warning C4996:  'sprintf': This function or variable may be unsafe. Consider using sprintf_s instead. To disable deprecation, use _CRT_SECURE_NO_WARNINGS. See online help for details.
C:\Program Files (x86)\Windows Kits\10\Include\10.0.17763.0\ucrt\stdio.h(1774): message :  vea la declaración de 'sprintf'
C:\Users\lab02\Desktop\NL-PartSol\nl-partsol\src\InOutFun\Read_GramsContactForces.c(164,1): warning C4996:  'sprintf': This function or variable may be unsafe. Consider using sprintf_s instead. To disable deprecation, use _CRT_SECURE_NO_WARNINGS. See online help for details.
C:\Program Files (x86)\Windows Kits\10\Include\10.0.17763.0\ucrt\stdio.h(1774): message :  vea la declaración de 'sprintf'
C:\Users\lab02\Desktop\NL-PartSol\nl-partsol\src\InOutFun\Read_GramsContactForces.c(182,1): warning C4996:  'sprintf': This function or variable may be unsafe. Consider using sprintf_s instead. To disable deprecation, use _CRT_SECURE_NO_WARNINGS. See online help for details.
  Read_GramsInitials.c
C:\Program Files (x86)\Windows Kits\10\Include\10.0.17763.0\ucrt\stdio.h(1774): message :  vea la declaración de 'sprintf'
C:\Users\lab02\Desktop\NL-PartSol\nl-partsol\src\InOutFun\Read_GramsInitials.c(56,1): warning C4996:  'fopen': This function or variable may be unsafe. Consider using fopen_s instead. To disable deprecation, use _CRT_SECURE_NO_WARNINGS. See online help for details.
C:\Program Files (x86)\Windows Kits\10\Include\10.0.17763.0\ucrt\stdio.h(208): message :  vea la declaración de 'fopen'
C:\Users\lab02\Desktop\NL-PartSol\nl-partsol\src\InOutFun\Read_GramsInitials.c(94,1): warning C4996:  'sprintf': This function or variable may be unsafe. Consider using sprintf_s instead. To disable deprecation, use _CRT_SECURE_NO_WARNINGS. See online help for details.
  Read_GramsMaterials.c
C:\Program Files (x86)\Windows Kits\10\Include\10.0.17763.0\ucrt\stdio.h(1774): message :  vea la declaración de 'sprintf'
C:\Users\lab02\Desktop\NL-PartSol\nl-partsol\src\InOutFun\Read_GramsMaterials.c(73,1): warning C4996:  'fopen': This function or variable may be unsafe. Consider using fopen_s instead. To disable deprecation, use _CRT_SECURE_NO_WARNINGS. See online help for details.
C:\Program Files (x86)\Windows Kits\10\Include\10.0.17763.0\ucrt\stdio.h(208): message :  vea la declaración de 'fopen'
C:\Users\lab02\Desktop\NL-PartSol\nl-partsol\src\InOutFun\Read_GramsMaterials.c(123,1): warning C4996:  'sprintf': This function or variable may be unsafe. Consider using sprintf_s instead. To disable deprecation, use _CRT_SECURE_NO_WARNINGS. See online help for details.
C:\Program Files (x86)\Windows Kits\10\Include\10.0.17763.0\ucrt\stdio.h(1774): message :  vea la declaración de 'sprintf'
C:\Users\lab02\Desktop\NL-PartSol\nl-partsol\src\InOutFun\Read_GramsMaterials.c(211,1): warning C4996:  'strcpy': This function or variable may be unsafe. Consider using strcpy_s instead. To disable deprecation, use _CRT_SECURE_NO_WARNINGS. See online help for details.
  Generando código...
  Compilando...
  Read_GramsOutputs.c
C:\Program Files (x86)\Windows Kits\10\Include\10.0.17763.0\ucrt\string.h(133): message :  vea la declaración de 'strcpy'
C:\Program Files (x86)\Windows Kits\10\Include\10.0.17763.0\ucrt\string.h(133): message : C:\Users\lab02\Desktop\NL-PartSol\nl-partsol\src\Formulations\U_PCE.c(44) : warning C4700: se utilizó la variable local 'V_I' sin inicializar
C:\Program Files (x86)\Windows Kits\10\Include\10.0.17763.0\ucrt\string.h(133): message : C:\Users\lab02\Desktop\NL-PartSol\nl-partsol\src\Formulations\U_PCE.c(87) : warning C4700: se utilizó la variable local 'List_Fields' sin inicializar
C:\Program Files (x86)\Windows Kits\10\Include\10.0.17763.0\ucrt\string.h(133): message : C:\Users\lab02\Desktop\NL-PartSol\nl-partsol\src\Formulations\U_GA.c(76) : warning C4700: se utilizó la variable local 'List_Fields' sin inicializar
C:\Program Files (x86)\Windows Kits\10\Include\10.0.17763.0\ucrt\string.h(133): message : C:\Users\lab02\Desktop\NL-PartSol\nl-partsol\src\Formulations\U_FE.c(56) : warning C4700: se utilizó la variable local 'List_Fields' sin inicializar
C:\Users\lab02\Desktop\NL-PartSol\nl-partsol\src\InOutFun\Read_GramsOutputs.c(42,1): warning C4996:  'fopen': This function or variable may be unsafe. Consider using fopen_s instead. To disable deprecation, use _CRT_SECURE_NO_WARNINGS. See online help for details.
C:\Program Files (x86)\Windows Kits\10\Include\10.0.17763.0\ucrt\stdio.h(208): message :  vea la declaración de 'fopen'
C:\Users\lab02\Desktop\NL-PartSol\nl-partsol\src\InOutFun\Read_GramsOutputs.c(120,1): warning C4996:  'sprintf': This function or variable may be unsafe. Consider using sprintf_s instead. To disable deprecation, use _CRT_SECURE_NO_WARNINGS. See online help for details.
  Read_GramsShapeFun.c
C:\Program Files (x86)\Windows Kits\10\Include\10.0.17763.0\ucrt\stdio.h(1774): message :  vea la declaración de 'sprintf'
C:\Users\lab02\Desktop\NL-PartSol\nl-partsol\src\InOutFun\Read_GramsShapeFun.c(45,1): warning C4996:  'fopen': This function or variable may be unsafe. Consider using fopen_s instead. To disable deprecation, use _CRT_SECURE_NO_WARNINGS. See online help for details.
  Read_GramsSolid.c
C:\Program Files (x86)\Windows Kits\10\Include\10.0.17763.0\ucrt\stdio.h(208): message :  vea la declaración de 'fopen'
C:\Users\lab02\Desktop\NL-PartSol\nl-partsol\src\InOutFun\Read_GramsSolid.c(55,1): warning C4996:  'fopen': This function or variable may be unsafe. Consider using fopen_s instead. To disable deprecation, use _CRT_SECURE_NO_WARNINGS. See online help for details.
C:\Program Files (x86)\Windows Kits\10\Include\10.0.17763.0\ucrt\stdio.h(208): message :  vea la declaración de 'fopen'
C:\Users\lab02\Desktop\NL-PartSol\nl-partsol\src\InOutFun\Read_GramsSolid.c(83,1): warning C4996:  'strcat': This function or variable may be unsafe. Consider using strcat_s instead. To disable deprecation, use _CRT_SECURE_NO_WARNINGS. See online help for details.
C:\Program Files (x86)\Windows Kits\10\Include\10.0.17763.0\ucrt\string.h(90): message :  vea la declaración de 'strcat'
C:\Users\lab02\Desktop\NL-PartSol\nl-partsol\src\InOutFun\Read_GramsSolid.c(159,1): warning C4996:  'strcpy': This function or variable may be unsafe. Consider using strcpy_s instead. To disable deprecation, use _CRT_SECURE_NO_WARNINGS. See online help for details.
C:\Program Files (x86)\Windows Kits\10\Include\10.0.17763.0\ucrt\string.h(133): message :  vea la declaración de 'strcpy'
C:\Users\lab02\Desktop\NL-PartSol\nl-partsol\src\InOutFun\Read_GramsSolid.c(164,1): warning C4996:  'strcpy': This function or variable may be unsafe. Consider using strcpy_s instead. To disable deprecation, use _CRT_SECURE_NO_WARNINGS. See online help for details.
C:\Program Files (x86)\Windows Kits\10\Include\10.0.17763.0\ucrt\string.h(133): message :  vea la declaración de 'strcpy'
C:\Users\lab02\Desktop\NL-PartSol\nl-partsol\src\InOutFun\Read_GramsSolid.c(166,1): warning C4996:  'strcpy': This function or variable may be unsafe. Consider using strcpy_s instead. To disable deprecation, use _CRT_SECURE_NO_WARNINGS. See online help for details.
C:\Program Files (x86)\Windows Kits\10\Include\10.0.17763.0\ucrt\string.h(133): message :  vea la declaración de 'strcpy'
C:\Users\lab02\Desktop\NL-PartSol\nl-partsol\src\InOutFun\Read_GramsSolid.c(207,1): warning C4996:  'strcpy': This function or variable may be unsafe. Consider using strcpy_s instead. To disable deprecation, use _CRT_SECURE_NO_WARNINGS. See online help for details.
C:\Program Files (x86)\Windows Kits\10\Include\10.0.17763.0\ucrt\string.h(133): message :  vea la declaración de 'strcpy'
C:\Users\lab02\Desktop\NL-PartSol\nl-partsol\src\InOutFun\Read_GramsSolid.c(212,1): warning C4996:  'strcpy': This function or variable may be unsafe. Consider using strcpy_s instead. To disable deprecation, use _CRT_SECURE_NO_WARNINGS. See online help for details.
C:\Program Files (x86)\Windows Kits\10\Include\10.0.17763.0\ucrt\string.h(133): message :  vea la declaración de 'strcpy'
C:\Users\lab02\Desktop\NL-PartSol\nl-partsol\src\InOutFun\Read_GramsSolid.c(214,1): warning C4996:  'strcpy': This function or variable may be unsafe. Consider using strcpy_s instead. To disable deprecation, use _CRT_SECURE_NO_WARNINGS. See online help for details.
  Read_GramsTime.c
C:\Program Files (x86)\Windows Kits\10\Include\10.0.17763.0\ucrt\string.h(133): message :  vea la declaración de 'strcpy'
C:\Users\lab02\Desktop\NL-PartSol\nl-partsol\src\InOutFun\Read_GramsTime.c(44,1): warning C4996:  'fopen': This function or variable may be unsafe. Consider using fopen_s instead. To disable deprecation, use _CRT_SECURE_NO_WARNINGS. See online help for details.
  WriteVtk.c
C:\Program Files (x86)\Windows Kits\10\Include\10.0.17763.0\ucrt\stdio.h(208): message :  vea la declaración de 'fopen'
C:\Users\lab02\Desktop\NL-PartSol\nl-partsol\src\InOutFun\WriteVtk.c(13,1): warning C4996:  'sprintf': This function or variable may be unsafe. Consider using sprintf_s instead. To disable deprecation, use _CRT_SECURE_NO_WARNINGS. See online help for details.
C:\Program Files (x86)\Windows Kits\10\Include\10.0.17763.0\ucrt\stdio.h(1774): message :  vea la declaración de 'sprintf'
C:\Users\lab02\Desktop\NL-PartSol\nl-partsol\src\InOutFun\WriteVtk.c(15,1): warning C4996:  'fopen': This function or variable may be unsafe. Consider using fopen_s instead. To disable deprecation, use _CRT_SECURE_NO_WARNINGS. See online help for details.
C:\Program Files (x86)\Windows Kits\10\Include\10.0.17763.0\ucrt\stdio.h(208): message :  vea la declaración de 'fopen'
C:\Users\lab02\Desktop\NL-PartSol\nl-partsol\src\InOutFun\WriteVtk.c(194,1): warning C4996:  'sprintf': This function or variable may be unsafe. Consider using sprintf_s instead. To disable deprecation, use _CRT_SECURE_NO_WARNINGS. See online help for details.
C:\Program Files (x86)\Windows Kits\10\Include\10.0.17763.0\ucrt\stdio.h(1774): message :  vea la declaración de 'sprintf'
C:\Users\lab02\Desktop\NL-PartSol\nl-partsol\src\InOutFun\WriteVtk.c(196,1): warning C4996:  'fopen': This function or variable may be unsafe. Consider using fopen_s instead. To disable deprecation, use _CRT_SECURE_NO_WARNINGS. See online help for details.
C:\Program Files (x86)\Windows Kits\10\Include\10.0.17763.0\ucrt\stdio.h(208): message :  vea la declaración de 'fopen'
C:\Users\lab02\Desktop\NL-PartSol\nl-partsol\src\InOutFun\WriteVtk.c(402,1): warning C4996:  'fopen': This function or variable may be unsafe. Consider using fopen_s instead. To disable deprecation, use _CRT_SECURE_NO_WARNINGS. See online help for details.
C:\Program Files (x86)\Windows Kits\10\Include\10.0.17763.0\ucrt\stdio.h(208): message :  vea la declaración de 'fopen'
C:\Users\lab02\Desktop\NL-PartSol\nl-partsol\src\InOutFun\WriteVtk.c(421,1): warning C4996:  'fopen': This function or variable may be unsafe. Consider using fopen_s instead. To disable deprecation, use _CRT_SECURE_NO_WARNINGS. See online help for details.
C:\Program Files (x86)\Windows Kits\10\Include\10.0.17763.0\ucrt\stdio.h(208): message :  vea la declaración de 'fopen'
C:\Users\lab02\Desktop\NL-PartSol\nl-partsol\src\InOutFun\WriteVtk.c(443,1): warning C4996:  'fopen': This function or variable may be unsafe. Consider using fopen_s instead. To disable deprecation, use _CRT_SECURE_NO_WARNINGS. See online help for details.
  Boundary_Conditions.c
C:\Program Files (x86)\Windows Kits\10\Include\10.0.17763.0\ucrt\stdio.h(208): message :  vea la declaración de 'fopen'
C:\Users\lab02\Desktop\NL-PartSol\nl-partsol\src\MPM\Boundary_Conditions.c(180,1): warning C4996:  'strcpy': This function or variable may be unsafe. Consider using strcpy_s instead. To disable deprecation, use _CRT_SECURE_NO_WARNINGS. See online help for details.
  Mesh_Tools.c
  Update_Eulerian.c
C:\Program Files (x86)\Windows Kits\10\Include\10.0.17763.0\ucrt\string.h(133): message :  vea la declaración de 'strcpy'
C:\Users\lab02\Desktop\NL-PartSol\nl-partsol\src\MPM\Update_Eulerian.c(94,1): warning C4996:  'strcpy': This function or variable may be unsafe. Consider using strcpy_s instead. To disable deprecation, use _CRT_SECURE_NO_WARNINGS. See online help for details.
C:\Program Files (x86)\Windows Kits\10\Include\10.0.17763.0\ucrt\string.h(133): message :  vea la declaración de 'strcpy'
C:\Users\lab02\Desktop\NL-PartSol\nl-partsol\src\MPM\Update_Eulerian.c(222,1): warning C4996:  'strcpy': This function or variable may be unsafe. Consider using strcpy_s instead. To disable deprecation, use _CRT_SECURE_NO_WARNINGS. See online help for details.
C:\Program Files (x86)\Windows Kits\10\Include\10.0.17763.0\ucrt\string.h(133): message :  vea la declaración de 'strcpy'
C:\Users\lab02\Desktop\NL-PartSol\nl-partsol\src\MPM\Update_Eulerian.c(334,63): warning C4244:  'función': conversión de 'double' a 'size_t'; posible pérdida de datos
C:\Users\lab02\Desktop\NL-PartSol\nl-partsol\src\MPM\Update_Eulerian.c(336,63): warning C4244:  'función': conversión de 'double' a 'size_t'; posible pérdida de datos
C:\Users\lab02\Desktop\NL-PartSol\nl-partsol\src\MPM\Update_Eulerian.c(338,63): warning C4244:  'función': conversión de 'double' a 'size_t'; posible pérdida de datos
C:\Users\lab02\Desktop\NL-PartSol\nl-partsol\src\MPM\Update_Eulerian.c(469,37): warning C4244:  'función': conversión de 'double' a 'size_t'; posible pérdida de datos
C:\Users\lab02\Desktop\NL-PartSol\nl-partsol\src\MPM\Update_Eulerian.c(470,1): warning C4996:  'strcpy': This function or variable may be unsafe. Consider using strcpy_s instead. To disable deprecation, use _CRT_SECURE_NO_WARNINGS. See online help for details.
C:\Program Files (x86)\Windows Kits\10\Include\10.0.17763.0\ucrt\string.h(133): message :  vea la declaración de 'strcpy'
C:\Users\lab02\Desktop\NL-PartSol\nl-partsol\src\MPM\Update_Eulerian.c(598,37): warning C4244:  'función': conversión de 'double' a 'size_t'; posible pérdida de datos
C:\Users\lab02\Desktop\NL-PartSol\nl-partsol\src\MPM\Update_Eulerian.c(599,1): warning C4996:  'strcpy': This function or variable may be unsafe. Consider using strcpy_s instead. To disable deprecation, use _CRT_SECURE_NO_WARNINGS. See online help for details.
  Update_Lagrangian.c
C:\Program Files (x86)\Windows Kits\10\Include\10.0.17763.0\ucrt\string.h(133): message :  vea la declaración de 'strcpy'
C:\Users\lab02\Desktop\NL-PartSol\nl-partsol\src\MPM\Update_Lagrangian.c(143,64): warning C4244:  'función': conversión de 'double' a 'size_t'; posible pérdida de datos
C:\Users\lab02\Desktop\NL-PartSol\nl-partsol\src\MPM\Update_Lagrangian.c(145,64): warning C4244:  'función': conversión de 'double' a 'size_t'; posible pérdida de datos
  compute_Density.c
  compute_ExternalForces.c
  compute_IntenalForces.c
  compute_InternalEnergy.c
  compute_Strains.c
  compute_Stress.c
  update_LocalState.c
  ChainOp.c
  MathOp.c
  MatrixOp.c
C:\Users\lab02\Desktop\NL-PartSol\nl-partsol\src\MPM\Update_Lagrangian.c(147,64): warning C4244:  'función': conversión de 'double' a 'size_t'; posible pérdida de datos
C:\Users\lab02\Desktop\NL-PartSol\nl-partsol\src\Matlib\MatrixOp.c(1196,41): warning C4244:  'return': conversión de 'double' a 'float'; posible pérdida de datos
C:\Users\lab02\Desktop\NL-PartSol\nl-partsol\src\Matlib\MatrixOp.c(1198,63): warning C4244:  'return': conversión de 'double' a 'float'; posible pérdida de datos
C:\Users\lab02\Desktop\NL-PartSol\nl-partsol\src\Matlib\MatrixOp.c(1192,1): warning C4244:  'inicializando': conversión de 'double' a 'float'; posible pérdida de datos
  Solvers.c
  Generando código...
  Compilando...
  TensorLib.c
C:\Users\lab02\Desktop\NL-PartSol\nl-partsol\src\Matlib\MatrixOp.c(1193,1): warning C4244:  'inicializando': conversión de 'double' a 'float'; posible pérdida de datos
C:\Users\lab02\Desktop\NL-PartSol\nl-partsol\src\Matlib\TensorLib.c(19,46): error C2057:  se esperaba una expresión constante
C:\Users\lab02\Desktop\NL-PartSol\nl-partsol\src\Matlib\TensorLib.c(19,46): error C2466:  no se puede asignar una matriz de tamaño constante 0
C:\Users\lab02\Desktop\NL-PartSol\nl-partsol\src\Matlib\TensorLib.c(19,48): warning C4034:  sizeof devuelve 0
C:\Users\lab02\Desktop\NL-PartSol\nl-partsol\src\Matlib\TensorLib.c(27,51): error C2057:  se esperaba una expresión constante
C:\Users\lab02\Desktop\NL-PartSol\nl-partsol\src\Matlib\TensorLib.c(27,51): error C2466:  no se puede asignar una matriz de tamaño constante 0
  GIMP.c
C:\Users\lab02\Desktop\NL-PartSol\nl-partsol\src\Matlib\TensorLib.c(27,53): warning C4034:  sizeof devuelve 0
  L2.c
  LME.c
C:\Users\lab02\Desktop\NL-PartSol\nl-partsol\src\ShapeFun\GIMP.c(43,7): warning C4101:  'NumVertex': variable local sin referencia
  Operators.c
  Q4.c
C:\Users\lab02\Desktop\NL-PartSol\nl-partsol\src\ShapeFun\LME.c(64,12): warning C4101:  'Nodes_p': variable local sin referencia
  T3.c
  driver-nl-partsol.c
C:\Users\lab02\Desktop\NL-PartSol\nl-partsol\src\ShapeFun\Q4.c(29,12): warning C4101:  'ListNodes_p': variable local sin referencia
  Generando código...
C:\Users\lab02\Desktop\NL-PartSol\nl-partsol\src\driver-nl-partsol.c(161,55): warning C4244:  '=': conversión de 'double' a 'clock_t'; posible pérdida de datos
C:\Users\lab02\Desktop\NL-PartSol\nl-partsol\src\driver-nl-partsol.c(161,55): warning C4244: C:\Users\lab02\Desktop\NL-PartSol\nl-partsol\src\driver-nl-partsol.c(37) : warning C4700: se utilizó la variable local 'start_t' sin inicializar
C:\Users\lab02\Desktop\NL-PartSol\nl-partsol\src\driver-nl-partsol.c(161,55): warning C4244: C:\Users\lab02\Desktop\NL-PartSol\nl-partsol\src\driver-nl-partsol.c(113) : warning C4700: se utilizó la variable local 'start_t' sin inicializar
C:\Users\lab02\Desktop\NL-PartSol\nl-partsol\src\driver-nl-partsol.c(161,55): warning C4244: C:\Users\lab02\Desktop\NL-PartSol\nl-partsol\src\ShapeFun\GIMP.c(74) : warning C4700: se utilizó la variable local 'lp' sin inicializar
C:\Users\lab02\Desktop\NL-PartSol\nl-partsol\src\driver-nl-partsol.c(161,55): warning C4244: C:\Users\lab02\Desktop\NL-PartSol\nl-partsol\src\ShapeFun\GIMP.c(111) : warning C4700: se utilizó la variable local 'Poligon_Connectivity' sin inicializar
