Determining if the pthread_create exist failed with the following output:
Change Dir: /home/migmolper/NL-PartSol/build/CMakeFiles/CMakeTmp

Run Build Command:"/usr/bin/make" "cmTC_a3422/fast"
/usr/bin/make -f CMakeFiles/cmTC_a3422.dir/build.make CMakeFiles/cmTC_a3422.dir/build
make[1]: se entra en el directorio '/home/migmolper/NL-PartSol/build/CMakeFiles/CMakeTmp'
Building C object CMakeFiles/cmTC_a3422.dir/CheckSymbolExists.c.o
/usr/bin/cc    -o CMakeFiles/cmTC_a3422.dir/CheckSymbolExists.c.o   -c /home/migmolper/NL-PartSol/build/CMakeFiles/CMakeTmp/CheckSymbolExists.c
Linking C executable cmTC_a3422
/usr/bin/cmake -E cmake_link_script CMakeFiles/cmTC_a3422.dir/link.txt --verbose=1
/usr/bin/cc      CMakeFiles/cmTC_a3422.dir/CheckSymbolExists.c.o  -o cmTC_a3422 
CMakeFiles/cmTC_a3422.dir/CheckSymbolExists.c.o: En la función `main':
CheckSymbolExists.c:(.text+0x1b): referencia a `pthread_create' sin definir
collect2: error: ld returned 1 exit status
CMakeFiles/cmTC_a3422.dir/build.make:97: fallo en las instrucciones para el objetivo 'cmTC_a3422'
make[1]: *** [cmTC_a3422] Error 1
make[1]: se sale del directorio '/home/migmolper/NL-PartSol/build/CMakeFiles/CMakeTmp'
Makefile:126: fallo en las instrucciones para el objetivo 'cmTC_a3422/fast'
make: *** [cmTC_a3422/fast] Error 2

File /home/migmolper/NL-PartSol/build/CMakeFiles/CMakeTmp/CheckSymbolExists.c:
/* */
#include <pthread.h>

int main(int argc, char** argv)
{
  (void)argv;
#ifndef pthread_create
  return ((int*)(&pthread_create))[argc];
#else
  (void)argc;
  return 0;
#endif
}

Determining if the function pthread_create exists in the pthreads failed with the following output:
Change Dir: /home/migmolper/NL-PartSol/build/CMakeFiles/CMakeTmp

Run Build Command:"/usr/bin/make" "cmTC_de174/fast"
/usr/bin/make -f CMakeFiles/cmTC_de174.dir/build.make CMakeFiles/cmTC_de174.dir/build
make[1]: se entra en el directorio '/home/migmolper/NL-PartSol/build/CMakeFiles/CMakeTmp'
Building C object CMakeFiles/cmTC_de174.dir/CheckFunctionExists.c.o
/usr/bin/cc   -DCHECK_FUNCTION_EXISTS=pthread_create   -o CMakeFiles/cmTC_de174.dir/CheckFunctionExists.c.o   -c /usr/share/cmake-3.10/Modules/CheckFunctionExists.c
Linking C executable cmTC_de174
/usr/bin/cmake -E cmake_link_script CMakeFiles/cmTC_de174.dir/link.txt --verbose=1
/usr/bin/cc  -DCHECK_FUNCTION_EXISTS=pthread_create    CMakeFiles/cmTC_de174.dir/CheckFunctionExists.c.o  -o cmTC_de174 -lpthreads 
/usr/bin/ld: no se puede encontrar -lpthreads
collect2: error: ld returned 1 exit status
CMakeFiles/cmTC_de174.dir/build.make:97: fallo en las instrucciones para el objetivo 'cmTC_de174'
make[1]: *** [cmTC_de174] Error 1
make[1]: se sale del directorio '/home/migmolper/NL-PartSol/build/CMakeFiles/CMakeTmp'
Makefile:126: fallo en las instrucciones para el objetivo 'cmTC_de174/fast'
make: *** [cmTC_de174/fast] Error 2


