c:\gid64-git\gidproject\gidpost\buildw\source\gidpost.dir\debug\gidpost.pdb
c:\gid64-git\gidproject\gidpost\buildw\source\gidpost.dir\debug\gidposthdf5.obj
c:\gid64-git\gidproject\gidpost\buildw\source\gidpost.dir\debug\hdf5c.obj
c:\gid64-git\gidproject\gidpost\buildw\source\gidpost.dir\debug\lookupa.obj
c:\gid64-git\gidproject\gidpost\buildw\source\gidpost.dir\debug\recycle.obj
c:\gid64-git\gidproject\gidpost\buildw\source\gidpost.dir\debug\hashtab.obj
c:\gid64-git\gidproject\gidpost\buildw\source\gidpost.dir\debug\gidposthash.obj
c:\gid64-git\gidproject\gidpost\buildw\source\gidpost.dir\debug\gidpostforapi.obj
c:\gid64-git\gidproject\gidpost\buildw\source\gidpost.dir\debug\gidpostfor.obj
c:\gid64-git\gidproject\gidpost\buildw\source\gidpost.dir\debug\gidpostint.obj
c:\gid64-git\gidproject\gidpost\buildw\source\gidpost.dir\debug\gidpostfiles.obj
c:\gid64-git\gidproject\gidpost\buildw\source\gidpost.dir\debug\gidpost.obj
c:\gid64-git\gidproject\gidpost\buildw\source\cmakefiles\generate.stamp
c:\gid64-git\gidproject\gidpost\buildw\source\debug\gidpost.lib
c:\gid64-git\gidproject\gidpost\buildw\source\debug\gidpost.pdb
c:\gid64-git\gidproject\gidpost\buildw\source\gidpost.dir\debug\gidpost.tlog\cl.command.1.tlog
c:\gid64-git\gidproject\gidpost\buildw\source\gidpost.dir\debug\gidpost.tlog\cl.read.1.tlog
c:\gid64-git\gidproject\gidpost\buildw\source\gidpost.dir\debug\gidpost.tlog\cl.write.1.tlog
c:\gid64-git\gidproject\gidpost\buildw\source\gidpost.dir\debug\gidpost.tlog\custombuild.command.1.tlog
c:\gid64-git\gidproject\gidpost\buildw\source\gidpost.dir\debug\gidpost.tlog\custombuild.read.1.tlog
c:\gid64-git\gidproject\gidpost\buildw\source\gidpost.dir\debug\gidpost.tlog\custombuild.write.1.tlog
c:\gid64-git\gidproject\gidpost\buildw\source\gidpost.dir\debug\gidpost.tlog\lib-link.read.1.tlog
c:\gid64-git\gidproject\gidpost\buildw\source\gidpost.dir\debug\gidpost.tlog\lib-link.write.1.tlog
c:\gid64-git\gidproject\gidpost\buildw\source\gidpost.dir\debug\gidpost.tlog\lib.command.1.tlog
