\BOOKMARK [1][-]{section.1}{Introduction}{}% 1
\BOOKMARK [1][-]{section.2}{Governing Equations}{}% 2
\BOOKMARK [2][-]{subsection.2.1}{Observations}{section.2}% 3
\BOOKMARK [1][-]{section.3}{State of art of the material point method}{}% 4
\BOOKMARK [2][-]{subsection.3.1}{The original material point method}{section.3}% 5
\BOOKMARK [2][-]{subsection.3.2}{Discrete Solution Procedure}{section.3}% 6
\BOOKMARK [1][-]{section.4}{Explicit time integration}{}% 7
\BOOKMARK [2][-]{subsection.4.1}{The standard time integration scheme}{section.4}% 8
\BOOKMARK [2][-]{subsection.4.2}{Generalized- integration scheme for MPM}{section.4}% 9
\BOOKMARK [1][-]{section.5}{Stresses in the material-point-method}{}% 10
\BOOKMARK [2][-]{subsection.5.1}{Objective evaluation of stresses}{section.5}% 11
\BOOKMARK [2][-]{subsection.5.2}{Grid-crossing errors in the MPM}{section.5}% 12
\BOOKMARK [2][-]{subsection.5.3}{Gravitational loading in the MPM}{section.5}% 13
\BOOKMARK [2][-]{subsection.5.4}{Alternative approaches for updating stresses}{section.5}% 14
\BOOKMARK [2][-]{subsection.5.5}{Reduced integration of stress}{section.5}% 15
\BOOKMARK [1][-]{section.6}{Large strain formulation for the material-point-method}{}% 16
\BOOKMARK [2][-]{subsection.6.1}{Tracking large deformation}{section.6}% 17
\BOOKMARK [2][-]{subsection.6.2}{Large strain analysis by the material point method}{section.6}% 18
\BOOKMARK [3][-]{subsubsection.6.2.1}{Evaluationg the weighting functions using Gauss quadrature}{subsection.6.2}% 19
\BOOKMARK [3][-]{subsubsection.6.2.2}{Analytical approximation of the weighting functions}{subsection.6.2}% 20
\BOOKMARK [2][-]{subsection.6.3}{Refinement in the material-point-method}{section.6}% 21
\BOOKMARK [3][-]{subsubsection.6.3.1}{Material-point splitting}{subsection.6.3}% 22
\BOOKMARK [3][-]{subsubsection.6.3.2}{Material-point splitting in case of extreme deformations}{subsection.6.3}% 23
\BOOKMARK [3][-]{subsubsection.6.3.3}{Refining the computational grid}{subsection.6.3}% 24
\BOOKMARK [1][-]{section.7}{Algorithms for the Material Point Method}{}% 25
\BOOKMARK [2][-]{subsection.7.1}{Calculus of the natural coordinates of a Gauss point}{section.7}% 26
\BOOKMARK [2][-]{subsection.7.2}{Local search of Gauss points}{section.7}% 27
